10501
10850
10975
11912
12094
12555
12751
12964
13497
13671
14321
14398
14899
16128
17687
18204
19016
19266
19333
19955
20459
21619
21860
22146
22288
23021
23435
23634
24405
24827
24837
26335
27636
27832
27918
28438
29032
29784
29959
30096
31338
33776
33835
35285
35355
35951
36052
36508
36548
36687
36806
36824
37011
37159
37246
37492
37565
37822
37845
39412
39420
39580
40607
41038
41220
41615
41722
42119
42242
42449
42639
42818
43356
43506
43520
43667
43673
44412
44571
44575
45190
45231
45691
45705
46235
46452
46847
46966
46967
47478
48329
48387
48433
48545
49137
51156
51506
52639
52878
53047
53469
53491
54283
54777
55675
55770
57491
57559
57586
57628
58324
58638
58718
58739
58833
59162
59740
59786
60303
60477
60666
60985
61817
68999
69862
70396
70585
70726
73304
73980
76551
77007
78082
78292
90486
91349
100371
103070
103307
105594
107898
111377
112885
115677
118068
118882
118970
119073
119546
119778
119792
119917
120534
120968
121215
121408
121513
121636
121827
122021
122110
122409
122492
122493
123144
123265
123594
123625
123949
123977
124133
124394
124434
124808
124811
146640
200565
219732
220165
225766
232065
232330
240296
241101
268462
313131
316261
338837
344177
348741
348744
348764
348803
348817
348823
348871
348884
348889
348904
348918
348925
348928
348956
348973
348993
349019
349038
349072
349076
349107
349118
349193
349215
349237
349239
349241
349260
349354
349360
349363
349384
349393
349402
349432
349454
349470
349517
349520
349521
349529
349533
349552
349605
349615
349620
349656
349670
349708
349710
349711
349718
349726
349736
349744
349751
349803
349883
349912
349913
349915
349937
349942
349948
350012
350028
350039
350041
350063
350081
350102
350109
350140
350150
350168
350229
350242
350251
350274
350306
350358
350402
350447
350480
350502
350535
350542
350546
350548
350574
350593
350594
350621
350637
350646
350672
350673
350713
350721
350723
350729
350785
350801
350825
350854
350895
350901
350949
350958
350968
350989
350995
351014
351033
351133
351167
351171
351177
351205
351223
351277
351310
351331
351333
351348
351349
351358
351383
351432
351442
351447
351457
351505
351543
351552
351575
351578
351604
351640
351656
351679
351706
351715
351718
351721
351732
351736
351749
351775
351783
351839
351887
351913
351942
351950
352007
352026
352059
352068
352093
352096
352097
352117
352139
352146
352163
352197
352211
352232
352262
352271
352272
352297
352307
352319
352324
352327
352352
352354
352366
352367
352371
352383
352386
352388
352393
352419
352455
352487
352491
352511
352512
352523
352548
352588
352619
352629
352647
352650
352669
352679
352745
352812
352833
352842
352871
352879
352889
352909
352943
352944
352963
352973
353007
353053
353094
353097
353131
353151
353202
353213
353224
353251
353267
353271
353292
353388
353390
353463
353535
353546
353549
353559
353585
353595
353597
353605
353613
353628
353639
353642
353645
353653
353655
353659
353734
353742
353766
353785
353813
353820
353846
353861
353865
353883
353886
353887
353893
353946
353955
353956
353981
353984
354004
354008
354015
354019
354023
354025
354035
354045
354047
354101
354120
354128
354129
354130
354134
354149
354167
354171
354202
354210
354219
354222
354223
354245
354248
354274
354307
354316
354375
354418
354504
354513
354517
354520
354549
354596
354606
354642
354655
354696
354712
354735
354759
354772
354790
354801
354809
354820
354823
354843
354871
354883
354921
354946
354947
354972
354979
354980
354984
354998
355011
355052
355076
355081
355093
355111
355114
355134
355181
355184
355193
355214
355215
355227
355237
355271
355276
355286
355335
355350
355379
355404
355426
355431
355432
355450
355454
355496
355513
355561
355564
355602
355712
355737
355738
355740
355770
355808
355850
355856
355865
355870
355883
355964
356012
356069
356080
356097
356103
356109
356128
356142
356144
356147
356159
356162
356204
356240
356249
356260
356282
356300
356307
356327
356347
356366
356412
356453
356489
356514
356517
356520
356534
356546
356551
356556
356560
356561
356573
356577
356609
356612
356614
356619
356644
356653
356681
356688
356716
356725
356727
356740
356756
356763
356783
356810
356818
356825
356845
356884
356897
356914
356918
356976
357010
357067
357069
357104
357151
357154
357155
357162
357163
357173
357192
357201
357214
357267
357276
357306
357319
357348
357350
357381
357402
357418
357441
357456
357461
357470
357477
357485
357486
357494
357503
357506
357552
357561
357576
357577
357600
357618
357625
357645
357676
357688
357689
357700
357706
357719
357763
357766
357831
357839
357847
357855
357860
357882
357902
357905
357907
357938
357943
357962
358019
358025
358037
358048
358053
358055
358056
358092
358115
358183
358196
358210
358226
358236
358270
358275
358277
358278
358330
358356
358360
358364
358386
358396
358404
358419
358422
358439
358442
358445
358448
358452
358460
358467
358472
358479
358514
358526
358529
358548
358567
358596
358628
358646
358648
358657
358672
358773
358804
358832
358853
358873
358887
358888
358890
358911
358913
358940
358970
359020
359027
359041
359051
359087
359106
359164
359183
359213
359229
359231
359265
359295
359313
359348
359360
359388
359404
359405
359409
359423
359460
359487
359492
359515
359532
359542
359601
359602
359615
359624
359650
359656
359669
359686
359695
359701
359716
359732
359754
359758
359768
359793
359795
359809
359815
359818
359874
359886
359891
359893
359911
359936
359938
359975
359979
359985
360038
360039
360077
360098
360103
360152
360156
360198
360217
360228
360251
360253
360260
360270
360278
360323
360391
360420
360430
360451
360467
360478
360481
360488
360503
360508
360514
360517
360522
360614
360628
360655
360695
360716
360723
360800
360831
360851
360865
360897
360933
360942
360946
360949
360950
360959
360983
360998
361021
361027
361029
361067
361087
361092
361100
361121
361186
361201
361211
361228
361237
361251
361261
361268
361304
361363
361386
361391
361426
361494
361497
361532
361572
361616
361661
361672
361688
361697
361716
361725
361730
361757
361778
361830
361882
361890
361897
361923
362006
362013
362022
362045
362050
362067
362074
362086
362092
362094
362105
362142
362145
362156
362161
362165
362173
362192
362196
362218
362254
362259
362272
362279
362300
362301
362304
362344
362383
362393
362435
362439
362447
362517
362547
362558
362565
362571
362576
362583
362607
362621
362624
362630
362647
362664
362676
362709
362714
362716
362725
362768
362773
362775
362780
362805
362811
362826
362860
362869
362882
362891
362892
362931
362935
362949
362950
362951
362976
362980
362992
362996
363001
363002
363015
363020
363054
363065
363066
363082
363087
363089
363093
363101
363143
363160
363366
363387
363402
363431
363441
363445
363486
363502
363518
363524
363528
363529
363542
363549
363584
363590
363591
363670
363684
363701
363705
363709
363748
363786
363788
363803
363817
363819
363820
363887
363931
363949
363972
363987
364044
364047
364075
364080
364084
364090
364104
364118
364128
364156
364192
364210
364212
364282
364305
364320
364334
364342
364344
364356
364359
364363
364367
364409
364414
364434
364436
364438
364443
364464
364465
364486
364529
364567
364574
364575
364585
364595
364636
364665
364727
364735
364737
364768
364804
364820
364835
364836
364843
364882
364886
364911
364928
364934
364943
364964
364980
364985
364987
365004
365007
365012
365055
365078
365090
365121
365125
365128
365137
365146
365167
365232
365240
365242
365252
365256
365288
365324
365328
365373
365382
365431
365447
365448
365458
365469
365484
365506
365513
365542
365547
365564
365565
365583
365594
365597
365626
365650
365654
365669
365677
365680
365686
365689
365696
365705
365706
365752
365766
365792
365828
365836
365845
365876
365889
365900
365906
365915
365920
365938
365946
365950
365977
365982
365995
366006
366009
366023
366025
366061
366076
366079
366082
366096
366170
366174
366188
366212
366250
366275
366289
366299
366370
366377
366391
366398
366407
366408
366436
366464
366474
366490
366530
366565
366569
366598
366607
366618
366657
366661
366667
366672
366704
366724
366741
366769
366805
366813
366878
366904
366938
366963
366989
367005
367014
367015
367026
367032
367041
367045
367046
367048
367058
367077
367089
367092
367101
367108
367121
367123
367140
367168
367169
367193
367199
367202
367203
367212
367255
367256
367263
367264
367292
367301
367342
367384
367406
367432
367433
367442
367476
367513
367550
367560
367580
367602
367624
367626
367629
367633
367639
367655
367664
367681
367683
367705
367750
367757
367764
367778
367831
367874
367883
367913
367925
367936
367953
367956
367969
368013
368026
368033
368063
368064
368079
368100
368107
368128
368161
368168
368235
368244
368249
368263
368265
368281
368308
368315
368323
368329
368348
368355
368390
368417
368428
368446
368503
368505
368510
368522
368553
368560
368561
368574
368618
368620
368623
368625
368628
368648
368671
368688
368695
368716
368788
368794
368802
368840
368892
368927
368938
368970
369017
369032
369058
369109
369138
369157
369184
369213
369250
369308
369343
369344
369462
369468
369470
369473
369513
369532
369546
369553
369574
369589
369630
369688
369700
369731
369770
369777
369823
369829
369853
369856
369872
369877
369908
370036
370039
370040
370041
370048
370069
370080
370089
370093
370109
370123
370130
370172
370179
370184
370198
370214
370230
370231
370256
370268
370277
370285
370317
370353
370374
370375
370395
370406
370420
370421
370435
370448
370589
370626
370628
370658
370667
370674
370716
370723
370728
370734
370744
370785
370794
370810
370820
370833
370843
370858
370915
370917
370963
370979
370990
371005
371045
371052
371077
371097
371106
371117
371127
371128
371154
371164
371193
371199
371210
371211
371240
371263
371266
371319
371324
371330
371338
371340
371368
371384
371408
371421
371423
371426
371435
371463
371468
371512
371519
371523
371540
371554
371566
371580
371581
371585
371590
371603
371609
371614
371625
371643
371670
371677
371711
371741
371762
371765
371777
371802
371819
371831
371841
371855
371881
371888
371890
371895
371902
371945
371970
371988
372009
372021
372058
372059
372065
372076
372086
372109
372141
372157
372161
372164
372168
372171
372184
372203
372255
372266
372269
372287
372306
372315
372316
372317
372326
372344
372351
372363
372365
372374
372405
372444
372453
372485
372494
372503
372537
372556
372562
372566
372581
372590
372591
372608
372618
372637
372649
372657
372658
372664
372691
372699
372718
372720
372723
372729
372734
372765
372804
372821
372839
372849
372857
372865
372873
372879
372894
372959
372977
373016
373031
373058
373063
373071
373076
373083
373107
373124
373132
373142
373143
373172
373195
373223
373234
373263
373318
373327
373330
373337
373338
373363
373364
373411
373456
373462
373466
373473
373488
373495
373518
373552
373565
373597
373602
373628
373640
373650
373682
373712
373713
373719
373738
373749
373805
373815
373817
373824
373829
373839
373846
373851
373870
373875
373899
373910
373965
373976
374009
374012
374039
374046
374083
374135
374137
374140
374150
374170
374188
374206
374217
374225
374273
374315
374329
374428
374446
374493
374507
374514
374521
374523
374547
374608
374625
374636
374638
374651
374656
374681
374688
374708
374743
374779
374934
374953
374965
374973
374985
374994
374997
375004
375019
375025
375041
375047
375049
375053
375083
375142
375161
375172
375196
375225
375241
375263
375283
375292
375293
375299
375379
375392
375449
375456
375466
375467
375479
375485
375488
375517
375572
375577
375600
375607
375622
375681
375706
375718
375723
375725
375732
375734
375737
375755
375766
375767
375779
375783
375829
375845
375849
375855
375863
375864
375891
375977
375981
375985
376005
376031
376051
376056
376073
376080
376099
376131
376133
376141
376146
376160
376164
376166
376201
376238
376269
376299
376314
376319
376330
376350
376352
376383
376403
376427
376428
376449
376490
376521
376535
376569
376581
376598
376604
376704
376709
376712
376715
376731
376756
376759
376761
376777
376781
376833
376836
376859
376862
376909
376915
376940
376941
376969
376971
377014
377037
377060
377091
377100
377103
377105
377114
377121
377144
377174
377180
377181
377202
377218
377219
377223
377226
377246
377249
377278
377282
377320
377334
377342
377358
377392
377399
377448
377453
377455
377468
377485
377517
377521
377536
377564
377577
377595
377615
377620
377636
377637
377646
377685
377693
377719
377729
377733
377734
377750
377769
377783
377797
377819
377842
377858
377860
377867
377876
377895
377915
377935
377957
377983
378016
378039
378054
378074
378090
378100
378103
378106
378110
378123
378138
378148
378152
378153
378157
378160
378181
378185
378201
378217
378299
378317
378328
378345
378346
378372
378390
378398
378409
378412
378451
378452
378456
378476
378478
378486
378489
378491
378495
378520
378538
378544
378549
378572
378597
378614
378637
378656
378671
378681
378696
378697
378700
378720
378733
378739
378772
378773
378785
378798
378802
378808
378820
378834
378840
378873
378887
378899
378906
378913
378935
378937
379008
379035
379037
379075
379077
379086
379095
379118
379151
379153
379162
379166
379213
379232
379236
379241
379242
379259
379317
379330
379363
379370
379372
379382
379396
379428
379449
379461
379462
379478
379482
379501
379504
379555
379567
379568
379573
379577
379600
379604
379609
379655
379658
379665
379668
379697
379740
379752
379755
379771
379859
379892
379908
379912
379925
379943
379961
379966
379971
379972
379993
379998
380015
380037
380091
380095
380100
380103
380113
380115
380133
380173
380179
380187
380191
380194
380196
380201
380244
380248
380262
380309
380357
380382
380409
380412
380413
380420
380426
380445
380457
380489
380493
380513
380525
380545
380547
380565
380571
380582
380596
380657
380687
380725
380741
380747
380788
380799
380803
380826
380860
380865
380889
380893
380898
380921
380939
380943
380952
380962
380967
380971
380979
380989
380995
381007
381008
381014
381020
381051
381078
381115
381129
381139
381141
381146
381152
381185
381209
381214
381257
381265
381279
381296
381303
381310
381343
381385
381388
381399
381420
381425
381448
381454
381474
381483
381490
381492
381500
381507
381510
381521
381540
381580
381589
381593
381597
381604
381605
381623
381644
381647
381651
381655
381656
381678
381680
381703
381726
381734
381790
381793
381804
381813
381871
381901
381908
381911
381946
382022
382034
382068
382077
382081
382091
382093
382094
382095
382101
382103
382109
382123
382138
382150
382159
382167
382176
382182
382185
382191
382194
382197
382257
382260
382280
382282
382283
382302
382336
382337
382352
382390
382430
382443
382451
382464
382473
382475
382496
382506
382514
382521
382525
382529
382533
382556
382568
382588
382589
382600
382604
382619
382625
382637
382642
382648
382661
382667
382669
382674
382701
382729
382734
382743
382747
382761
382808
382818
382859
382871
382890
382913
382914
382950
382953
382981
382987
382991
382992
383020
383028
383040
383109
383118
383177
383215
383253
383256
383297
383311
383313
383325
383329
383380
383385
383405
383407
383418
383435
383455
383470
383479
383493
383504
383510
383519
383544
383551
383558
383561
383562
383590
383618
383621
383629
383654
383659
383661
383666
383670
383713
383720
383723
383731
383752
383771
383786
383794
383806
383828
383851
383903
383906
383918
383940
383973
383982
384000
384038
384062
384126
384129
384134
384142
384143
384158
384168
384174
384175
384176
384182
384207
384257
384313
384322
384327
384332
384334
384362
384387
384397
384400
384403
384406
384415
384419
384437
384455
384465
384473
384489
384491
384499
384552
384553
384561
384579
384599
384613
384634
384655
384674
384691
384700
384732
384752
384761
384773
384774
384798
384800
384830
384840
384863
384867
384881
384891
384897
384930
384939
384945
384955
384984
384992
385010
385025
385030
385038
385077
385080
385101
385113
385126
385149
385159
385168
385171
385192
385209
385235
385240
385277
385290
385291
385300
385315
385321
385324
385349
385358
385366
385377
385389
385406
385444
385454
385456
385487
385534
385560
385567
385610
385623
385648
385660
385662
385685
385690
385735
385835
385837
385840
385843
385848
385864
385868
385871
385935
385954
385965
385976
385982
385991
386012
386024
386064
386067
386086
386090
386093
386094
386105
386109
386111
386142
386144
386145
386163
386193
386195
386214
386252
386290
386295
386296
386306
386344
386354
386359
386362
386367
386374
386378
386386
386390
386397
386400
386407
386419
386420
386423
386441
386450
386463
386467
386471
386472
386477
386481
386484
386487
386492
386504
386526
386535
386536
386542
386548
386558
386599
386600
386602
386618
386650
386669
386678
386684
386685
386688
386715
386716
386724
386727
386755
386770
386782
386806
386807
386845
386852
386863
386867
386901
386913
386953
386958
386961
386981
387001
387030
387034
387038
387064
387104
387122
387145
387152
387199
387213
387217
387219
387224
387244
387258
387282
387326
387328
387363
387366
387369
387371
387404
387408
387422
387431
387459
387475
387480
387484
387541
387547
387554
387579
387599
387600
387602
387628
387641
387646
387658
387701
387707
387728
387741
387752
387753
387786
387814
387816
387821
387839
387843
387844
387854
387902
387913
387930
387939
387948
387956
387983
387985
388024
388068
388088
388114
388118
388125
388155
388157
388162
388172
388180
388188
388221
388264
388265
388273
388274
388279
388294
388299
388308
388313
388327
388340
388348
388361
388371
388380
388395
388396
388400
388432
388436
388448
388477
388481
388489
388525
388526
388535
388536
388549
388553
388571
388588
388590
388606
388607
388616
388627
388658
388678
388681
388684
388721
388722
388732
388806
388821
388824
388835
388845
388853
388865
388868
388880
388901
388947
388958
388975
388991
389000
389003
389020
389023
389025
389035
389046
389057
389058
389072
389080
389096
389107
389123
389125
389135
389137
389161
389184
389188
389241
389265
389298
389315
389332
389343
389344
389356
389358
389377
389394
389403
389421
389422
389471
389486
389498
389584
389597
389600
389632
389653
389654
389678
389685
389706
389711
389733
389737
389753
389763
389795
389798
389825
389831
389835
389901
389916
389917
389950
389953
389983
389986
390028
390036
390038
390041
390045
390095
390126
390137
390161
390168
390171
390180
390206
390230
390232
390251
390259
390260
390264
390292
390295
390296
390312
390348
390396
390403
390410
390438
390481
390537
390558
390564
390615
390627
390639
390660
390661
390679
390696
390701
390729
390744
390753
390780
390787
390819
390822
390828
390830
390854
390903
390915
390922
390951
390972
390977
390984
391024
391027
391042
391076
391164
391173
391199
391239
391247
391251
391266
391293
391316
391334
391336
391344
391413
391419
391429
391437
391453
391460
391474
391484
391497
391526
391540
391541
391553
391563
391567
391595
391614
391615
391616
391625
391633
391643
391685
391703
391759
391763
391779
391787
391788
391791
391810
391813
391833
391845
391865
391900
391923
391934
391959
391968
391996
392036
392054
392112
392150
392178
392204
392205
392210
392224
392228
392239
392244
392251
392253
392260
392263
392265
392279
392294
392348
392354
392369
392406
392460
392463
392483
392505
392522
392530
392531
392541
392545
392549
392558
392575
392579
392581
392584
392598
392599
392611
392636
392639
392655
392695
392710
392728
392744
392745
392755
392760
392792
392796
392819
392866
392911
392944
392963
392970
393032
393033
393083
393096
393136
393152
393185
393229
393230
393252
393270
393274
393297
393308
393361
393385
393393
393397
393415
393421
393451
393537
393554
393566
393587
393592
393596
393604
393623
393636
393674
393678
393687
393689
393691
393716
393723
393724
393728
393758
393759
393761
393785
393815
393830
393846
393857
393861
393872
393879
393895
393908
393922
393925
393935
393937
393996
394002
394031
394066
394093
394102
394130
394133
394154
394197
394210
394219
394256
394259
394265
394269
394274
394276
394284
394307
394342
394344
394345
394394
394397
394456
394458
394477
394506
394511
394546
394550
394560
394581
394605
394615
394637
394680
394686
394703
394715
394722
394773
394805
394827
394828
394835
394840
394872
394873
394881
394912
394914
394921
394922
394929
394939
394961
394974
394981
394984
395011
395026
395033
395085
395089
395134
395142
395174
395208
395231
395234
395247
395249
395253
395266
395282
395287
395318
395322
395333
395352
395364
395367
395368
395370
395371
395412
395438
395461
395489
395504
395511
395532
395568
395581
395593
395598
395628
395660
395671
395678
395683
395709
395740
395741
395752
395753
395784
395821
395828
395838
395862
395871
395891
395898
395924
395944
395984
395991
395997
396003
396013
396031
396037
396047
396050
396060
396067
396093
396109
396137
396153
396157
396158
396192
396209
396265
396272
396275
396330
396342
396357
396365
396391
396393
396402
396417
396475
396483
396550
396560
396562
396669
396670
396682
396686
396721
396738
396772
396773
396775
396776
396810
396817
396845
396883
396892
396897
396916
396934
396936
396941
396953
396986
396997
397043
397080
397083
397119
397123
397127
397175
397193
397207
397222
397225
397229
397232
397258
397260
397264
397266
397291
397292
397295
397313
397316
397336
397352
397357
397373
397392
397394
397423
397428
397438
397488
397496
397497
397508
397520
397522
397526
397529
397545
397610
397623
397653
397668
397690
397708
397717
397719
397728
397774
397779
397855
397905
397933
397976
397982
398000
398004
398005
398013
398016
398079
398090
398101
398109
398110
398113
398117
398120
398134
398161
398165
398198
398202
398215
398226
398245
398248
398254
398259
398263
398275
398289
398290
398294
398333
398340
398363
398365
398372
398389
398407
398408
398415
398420
398423
398453
398475
398499
398503
398504
398556
398571
398581
398596
398611
398619
398654
398685
398752
398761
398777
398780
398792
398810
398833
398912
398922
398942
398952
398972
398982
398994
399006
399014
399052
399056
399094
399116
399136
399147
399154
399165
399174
399185
399192
399199
399200
399205
399214
399227
399235
399253
399258
399267
399268
399270
399274
399280
399312
399323
399356
399368
399415
399429
399431
399434
399481
399500
399501
399506
399516
399538
399559
399567
399583
399614
399630
399675
399678
399712
399727
399729
399736
399738
399757
399776
399800
399806
399810
399836
399839
399869
399885
399886
399893
399928
399939
399940
399949
399995
399996
400001
400003
400017
400030
400041
400052
400120
400121
400123
400125
400224
400260
400278
400301
400317
400345
400365
400409
400413
400420
400422
400476
400503
400511
400522
400534
400539
400556
400563
400630
400631
400644
400650
400654
400680
400682
400699
400701
400725
400729
400731
400744
400746
400784
400787
400789
400804
400813
400820
400827
400832
400863
400876
400918
400931
400952
400958
400988
400996
401011
401018
401019
401029
401053
401108
401118
401120
401200
401211
401219
401228
401249
401253
401256
401276
401285
401295
401305
401311
401312
401314
401320
401327
401331
401381
401400
401407
401415
401428
401438
401472
401502
401504
401511
401524
401557
401560
401570
401591
401606
401651
401655
401674
401701
401726
401731
401741
401753
401761
401766
401776
401798
401811
401815
401856
401890
401893
401913
401916
401930
401936
401938
401952
401966
401977
401987
402003
402010
402023
402052
402073
402086
402091
402095
402100
402157
402165
402192
402206
402216
402248
402314
402327
402381
402406
402409
402412
402414
402428
402500
402516
402517
402525
402531
402540
402544
402548
402558
402569
402649
402655
402680
402686
402690
402691
402707
402713
402717
402721
402722
402726
402730
402731
402786
402795
402800
402807
402854
402858
402870
402871
402875
402897
402899
402953
402956
402959
402982
402989
402998
403036
403072
403076
403083
403085
403099
403110
403126
403138
403151
403196
403209
403210
403216
403221
403227
403244
403259
403300
403325
403327
403331
403355
403370
403377
403410
403445
403454
403476
403488
403491
403497
403514
403526
403530
403552
403559
403595
403604
403623
403628
403630
403639
403666
403668
403670
403671
403677
403697
403712
403730
403747
403779
403783
403787
403789
403817
403828
403839
403863
403867
403870
403877
403975
403982
404033
404063
404082
404135
404140
404151
404157
404172
404189
404203
404210
404212
404252
404254
404271
404273
404296
404305
404333
404346
404367
404388
404418
404435
404449
404452
404467
404483
404507
404515
404525
404529
404532
404537
404539
404544
404556
404567
404568
404578
404584
404587
404613
404618
404670
404702
404706
404771
404773
404774
404782
404796
404832
404851
404856
404892
404923
404927
404929
404951
404964
404989
405005
405008
405009
405037
405057
405073
405089
405120
405143
405145
405148
405161
405167
405188
405262
405285
405286
405295
405311
405316
405320
405329
405354
405376
405381
405384
405480
405502
405524
405530
405536
405555
405570
405576
405601
405619
405623
405632
405685
405692
405713
405735
405760
405772
405819
405829
405832
405833
405838
405848
405864
405879
405896
405919
405923
405968
405982
405989
405994
406016
406035
406044
406057
406089
406114
406120
406124
406134
406152
406171
406176
406217
406220
406239
406262
406267
406276
406279
406280
406288
406299
406308
406332
406362
406377
406408
406416
406421
406432
406434
406445
406455
406461
406473
406495
406504
406513
406522
406540
406542
406544
406559
406564
406570
406573
406582
406592
406604
406659
406664
406669
406691
406719
406742
406750
406781
406785
406790
406792
406801
406805
406842
406864
406866
406867
406871
406886
406889
406894
406918
406925
406926
406953
406955
406965
406970
406984
407012
407013
407020
407025
407068
407106
407141
407146
407151
407154
407183
407209
407214
407222
407235
407241
407289
407291
407309
407335
407364
407365
407407
407419
407452
407455
407461
407518
407520
407532
407539
407546
407564
407576
407581
407584
407644
407645
407651
407656
407660
407662
407667
407676
407683
407688
407693
407697
407722
407732
407753
407768
407792
407796
407800
407834
407847
407852
407854
407855
407860
407883
407910
407914
407923
407931
407947
407950
407969
407973
407989
407991
408007
408021
408099
408133
408135
408154
408189
408213
408223
408231
408247
408253
408257
408258
408259
408275
408293
408296
408303
408341
408344
408350
408364
408382
408391
408396
408408
408460
408463
408466
408468
408496
408503
408509
408540
408576
408580
408606
408631
408637
408682
408688
408715
408718
408750
408757
408767
408768
408781
408795
408796
408830
408843
408844
408846
408852
408870
408887
408897
408906
408932
408945
408947
408994
409012
409013
409014
409021
409025
409027
409029
409057
409058
409073
409078
409093
409097
409116
409128
409135
409136
409138
409153
409165
409169
409198
409199
409217
409226
409240
409242
409246
409258
409259
409267
409305
409331
409339
409357
409458
409493
409538
409551
409563
409581
409598
409607
409620
409631
409646
409672
409732
409752
409756
409758
409776
409780
409783
409784
409801
409812
409833
409898
409910
409921
409928
409929
409936
409943
409959
410018
410035
410048
410074
410117
410159
410160
410165
410192
410193
410217
410232
410262
410267
410276
410278
410295
410303
410342
410357
410363
410366
410367
410375
410396
410427
410436
410442
410450
410458
410466
410488
410523
410530
410543
410545
410563
410565
410583
410588
410596
410614
410627
410714
410730
410731
410738
410771
410778
410782
410783
410819
410822
410829
410832
410844
410851
410889
410913
410928
410947
410957
410960
410962
410965
410966
410976
410992
411002
411014
411023
411036
411038
411041
411047
411049
411061
411072
411106
411108
411123
411124
411186
411208
411217
411224
411247
411251
411260
411262
411263
411279
411280
411300
411341
411342
411362
411386
411387
411397
411411
411421
411441
411483
411490
411509
411559
411560
411563
411568
411571
411586
411610
411611
411616
411625
411636
411651
411654
411665
411673
411705
411706
411710
411723
411754
411756
411776
411786
411791
411816
411818
411824
411850
411858
411861
411863
411866
411874
411879
411898
411920
411923
411955
411960
411968
411985
411996
412000
412004
412021
412028
412031
412043
412066
412081
412086
412111
412123
412127
412134
412140
412145
412148
412149
412172
412194
412205
412218
412261
412268
412269
412288
412295
412311
412319
412334
412335
412339
412350
412358
412367
412372
412382
412385
412404
412410
412427
412459
412463
412472
412491
412494
412501
412502
412510
412527
412550
412554
412595
412604
412605
412622
412629
412635
412639
412640
412658
412659
412663
412665
412696
412722
412724
412750
412755
412757
412776
412781
412787
412815
412820
412839
412845
412847
412867
412877
412885
412896
412935
412943
412944
412996
413005
413008
413018
413020
413035
413045
413075
413080
413092
413096
413125
413146
413154
413162
413170
413186
413197
413224
413252
413285
413290
413334
413342
413386
413397
413423
413428
413432
413448
413450
413454
413456
413460
413486
413487
413529
413534
413552
413556
413595
413606
413634
413652
413662
413665
413681
413695
413698
413703
413704
413708
413715
413725
413742
413747
413751
413752
413781
413787
413796
413814
413858
413863
413868
413870
413885
413895
413915
413939
413960
413986
413998
413999
414016
414017
414022
414050
414068
414083
414088
414110
414111
414120
414145
414178
414195
414197
414198
414212
414225
414240
414261
414264
414275
414284
414324
414348
414356
414359
414364
414390
414394
414413
414418
414419
414429
414435
414448
414466
414467
414483
414519
414521
414524
414526
414540
414556
414579
414587
414638
414646
414649
414651
414655
414682
414692
414699
414700
414736
414745
414758
414765
414769
414781
414794
414814
414821
414827
414860
414880
414885
414886
414894
414914
414939
414948
414957
414965
414992
415002
415007
415029
415052
415070
415076
415093
415112
415121
415122
415129
415131
415143
415156
415158
415177
415184
415199
415203
415204
415211
415226
415249
415263
415284
415296
415298
415339
415346
415351
415367
415376
415403
415411
415415
415416
415420
415451
415464
415502
415514
415517
415545
415547
415550
415590
415602
415617
415676
415688
415691
415711
415712
415716
415725
415735
415754
415766
415779
415792
415796
415817
415827
415829
415863
415873
415882
415892
415895
415904
415915
415916
415940
415942
415961
415963
415980
416027
416045
416059
416109
416142
416152
416166
416172
416184
416185
416195
416203
416214
416218
416243
416278
416284
416288
416289
416297
416332
416341
416342
416348
416356
416372
416382
416396
416398
416402
416431
416462
416496
416497
416511
416514
416531
416566
416624
416631
416649
416654
416666
416703
416704
416705
416720
416722
416727
416735
416737
416752
416805
416810
416819
416823
416827
416831
416852
416861
416878
416883
416892
416900
416906
416911
416936
416953
416969
416979
416999
417014
417018
417027
417036
417039
417045
417052
417060
417062
417077
417101
417105
417121
417124
417126
417131
417151
417157
417170
417184
417251
417253
417263
417268
417284
417287
417312
417322
417341
417343
417371
417376
417394
417415
417453
417454
417462
417471
417480
417489
417490
417509
417512
417523
417526
417539
417550
417607
417615
417638
417646
417675
417688
417693
417701
417741
417746
417753
417767
417773
417806
417813
417826
417843
417846
417848
417849
417870
417888
417892
417937
417938
417957
417960
417962
417988
417996
418003
418006
418020
418028
418041
418043
418046
418063
418089
418110
418115
418128
418156
418158
418159
418165
418169
418200
418202
418216
418217
418220
418238
418242
418248
418267
418272
418286
418316
418329
418340
418356
418373
418412
418413
418424
418431
418441
418466
418479
418487
418520
418571
418572
418573
418577
418592
418599
418602
418607
418612
418613
418625
418628
418629
418656
418663
418668
418684
418686
418689
418691
418698
418699
418700
418712
418719
418748
418752
418774
418776
418793
418794
418801
418805
418834
418869
418885
418927
418930
418932
418948
418960
418989
419023
419033
419041
419046
419058
419062
419065
419069
419070
419082
419086
419107
419114
419125
419132
419178
419186
419191
419206
419209
419221
419255
419264
419269
419284
419288
419304
419310
419318
419321
419346
419366
419389
419393
419398
419412
419438
419447
419449
419470
419471
419475
419506
419524
419527
419542
419551
419569
419571
419578
419582
419584
419602
419619
419638
419658
419681
419690
419695
419728
419733
419742
419754
419758
419771
419786
419793
419798
419826
419828
419833
419876
419887
419900
419917
419919
419949
419975
419976
419987
420000
420011
420014
420036
420039
420043
420046
420050
420057
420068
420088
420120
420129
420136
420147
420151
420168
420189
420198
420204
420214
420223
420228
420232
420234
420249
420260
420261
420295
420303
420314
420332
420339
420340
420347
420348
420394
420409
420435
420437
420443
420451
420489
420492
420504
420519
420520
420527
420528
420540
420546
420555
420568
420583
420611
420614
420621
420641
420644
420649
420676
420678
420699
420701
420711
420732
420747
420767
420773
420774
420784
420799
420820
420823
420854
420886
420924
420937
420977
420993
420997
421011
421013
421043
421045
421070
421072
421075
421080
421122
421125
421128
421133
421149
421193
421218
421231
421262
421264
421288
421291
421300
421303
421304
421309
421312
421332
421346
421354
421370
421387
421390
421404
421405
421419
421423
421424
421467
421468
421469
421470
421472
421482
421534
421537
421543
421556
421570
421575
421587
421589
421593
421603
421610
421638
421648
421660
421661
421695
421700
421703
421720
421738
421740
421748
421756
421760
421767
421784
421785
421792
421824
421838
421841
421860
421862
421866
421867
421899
421904
421910
421925
421946
421983
421997
422000
422037
422050
422055
422057
422060
422081
422101
422114
422126
422139
422143
422147
422164
422171
422206
422225
422239
422244
422252
422259
422268
422269
422280
422298
422313
422317
422322
422356
422377
422383
422411
422412
422417
422450
422466
422474
422475
422480
422535
422558
422564
422584
422595
422598
422623
422631
422638
422639
422648
422662
422664
422674
422700
422710
422714
422724
422725
422730
422775
422792
422809
422822
422850
422857
422862
422871
422876
422882
422887
422888
422895
422903
422914
422924
422928
422940
422948
422962
422990
423014
423030
423033
423038
423080
423101
423107
423127
423128
423154
423162
423170
423195
423199
423203
423208
423213
423220
423231
423234
423243
423244
423255
423262
423282
423287
423324
423327
423333
423345
423350
423410
423436
423457
423459
423462
423482
423484
423525
423537
423541
423556
423570
423596
423626
423667
423673
423679
423691
423697
423710
423720
423754
423758
423787
423799
423806
423814
423822
423849
423874
423878
423882
423908
423936
423945
423964
423968
423971
423983
424031
424034
424040
424044
424067
424085
424087
424090
424093
424100
424109
424115
424116
424148
424150
424156
424159
424164
424180
424188
424204
424206
424224
424229
424244
424247
424249
424253
424262
424277
424280
424286
424310
424319
424324
424335
424342
424343
424366
424379
424397
424430
424436
424450
424470
424493
424496
424500
424506
424508
424514
424530
424538
424542
424554
424555
424561
424568
424573
424591
424627
424637
424675
424689
424690
424710
424717
424719
424725
424727
424731
424749
424755
424771
424792
424799
424817
424828
424834
424856
424890
424893
424924
424928
424956
424962
424978
424983
424986
424999
425000
425002
425024
425037
425046
425077
425086
425111
425118
425127
425135
425136
425138
425151
425162
425166
425171
425185
425199
425213
425223
425233
425234
425251
425258
425261
425265
425267
425270
425303
425313
425320
425329
425331
425338
425352
425363
425380
425398
425409
425412
425414
425415
425450
425451
425464
425467
425468
425518
425522
425533
425544
425546
425555
425575
425598
425606
425622
425633
425670
425672
425685
425704
425706
425711
425732
425734
425744
425753
425770
425776
425781
425804
425810
425812
425814
425831
425835
425865
425866
425883
425884
425891
425914
425921
425925
425940
425944
425957
425974
425981
425991
426006
426030
426062
426066
426070
426079
426085
426090
426095
426097
426126
426128
426137
426151
426159
426160
426165
426173
426174
426193
426195
426248
426249
426251
426257
426263
426289
426293
426300
426303
426326
426329
426362
426366
426393
426404
426412
426429
426454
426466
426472
426474
426478
426497
426504
426513
426516
426517
426528
426531
426541
426550
426551
426573
426583
426585
426605
426610
426644
426668
426711
426729
426743
426749
426752
426765
426774
426777
426788
426800
426802
426805
426839
426847
426848
426849
426857
426866
426876
426900
426908
426912
426914
426922
426941
426985
426995
426996
426997
427004
427015
427019
427033
427053
427056
427068
427072
427073
427083
427087
427097
427115
427117
427120
427131
427134
427140
427143
427145
427153
427154
427173
427183
427196
427202
427214
427234
427251
427253
427268
427276
427310
427318
427322
427343
427352
427365
427372
427374
427376
427388
427397
427410
427424
427471
427481
427482
427486
427487
427488
427493
427497
427511
427517
427518
427520
427528
427530
427533
427535
427565
427587
427612
427633
427639
427663
427682
427696
427703
427742
427745
427758
427759
427784
427813
427823
427880
427894
427903
427909
427918
427955
427969
427982
427984
427991
427992
428016
428023
428026
428027
428033
428045
428051
428079
428104
428142
428148
428164
428167
428176
428180
428184
428201
428219
428223
428232
428251
428253
428269
428278
428284
428304
428306
428318
428324
428332
428344
428353
428354
428374
428376
428381
428384
428385
428398
428401
428439
428481
428482
428495
428506
428520
428523
428530
428539
428540
428546
428553
428554
428566
428569
428570
428581
428587
428607
428609
428619
428620
428625
428632
428663
428682
428698
428699
428705
428707
428727
428749
428772
428782
428788
428797
428812
428824
428830
428831
428835
428855
428863
428869
428879
428895
428909
428947
428982
428985
428987
429002
429007
429024
429027
429033
429044
429070
429080
429106
429110
429119
429120
429124
429135
429136
429141
429144
429148
429159
429167
429170
429178
429186
429191
429210
429217
429218
429226
429240
429248
429261
429267
429270
429273
429275
429281
429285
429291
429298
429307
429340
429344
429358
429359
429377
429386
429453
429466
429478
429494
429499
429505
429507
429515
429519
429535
429546
429547
429593
429602
429608
429631
429651
429669
429692
429702
429704
429706
429713
429721
429731
429732
429735
429740
429745
429747
429757
429775
429793
429798
429843
429852
429898
429913
429935
429942
429970
429979
430002
430004
430008
430011
430042
430068
430069
430089
430117
430126
430128
430134
430195
430221
430260
430279
430283
430293
430309
430326
430327
430331
430344
430360
430370
430400
430404
430407
430425
430426
430453
430475
430485
430494
430497
430513
430516
430519
430521
430525
430542
430550
430555
430579
430594
430606
430607
430614
430619
430622
430639
430643
430648
430649
430668
430673
430676
430684
430685
430690
430692
430698
430714
430744
430782
430784
430785
430787
430789
430793
430796
430802
430807
430811
430815
430825
430827
430835
430836
430837
430844
430853
430857
430860
430878
430886
430892
430908
430912
430919
430921
430981
430991
431000
431003
431006
431019
431025
431048
431112
431128
431157
431162
431164
431179
431187
431188
431190
431197
431200
431246
431257
431264
431266
431268
431275
431307
431311
431322
431330
431340
431345
431354
431378
431411
431414
431455
431458
431459
431463
431470
431499
431508
431547
431566
431568
431576
431592
431622
431629
431657
431676
431679
431680
431681
431683
431703
431704
431717
431745
431765
431795
431800
431811
431903
431905
431911
431926
431932
431955
431966
431969
431982
431986
431991
431997
432031
432032
432044
432049
432053
432059
432071
432076
432096
432098
432103
432109
432138
432151
432162
432166
432185
432198
432220
432221
432244
432266
432267
432288
432289
432307
432314
432319
432327
432331
432333
432334
432354
432365
432370
432399
432403
432404
432415
432416
432419
432430
432450
432454
432457
432464
432472
432476
432486
432492
432494
432499
432501
432502
432504
432517
432523
432527
432538
432541
432564
432565
432570
432575
432591
432620
432638
432646
432655
432661
432672
432682
432704
432717
432733
432744
432760
432775
432782
432789
432800
432829
432844
432845
432854
432894
432897
432910
432953
432971
432978
432980
432981
432986
433028
433032
433038
433043
433054
433055
433068
433076
433101
433117
433125
433137
433141
433158
433177
433182
433191
433203
433206
433214
433230
433254
433259
433263
433278
433279
433287
433291
433307
433313
433317
433332
433348
433366
433378
433383
433400
433407
433424
433425
433430
433433
433437
433462
433476
433481
433531
433537
433547
433559
433561
433598
433602
433607
433612
433621
433642
433645
433648
433654
433662
433695
433719
433736
433737
433745
433778
433798
433808
433812
433819
433841
433857
433937
433961
433968
433980
433984
433987
434014
434032
434033
434041
434045
434061
434066
434071
434082
434098
434112
434120
434124
434126
434140
434184
434191
434213
434232
434235
434237
434255
434270
434284
434338
434373
434374
434397
434420
434424
434449
434461
434469
434493
434502
434503
434519
434553
434592
434598
434616
434619
434662
434671
434674
434680
434687
434700
434715
434722
434727
434767
434795
434797
434804
434813
434814
434815
434840
434842
434852
434874
434875
434881
434893
434902
434950
434959
434977
434982
434984
434989
435019
435021
435030
435058
435063
435074
435080
435087
435111
435114
435124
435128
435132
435140
435164
435170
435172
435194
435217
435233
435237
435256
435257
435261
435274
435280
435290
435293
435322
435327
435344
435372
435426
435449
435456
435477
435481
435490
435503
435519
435523
435532
435533
435547
435555
435556
435561
435604
435609
435613
435616
435620
435625
435627
435629
435635
435664
435672
435700
435718
435728
435730
435751
435755
435759
435776
435781
435782
435804
435840
435869
435871
435873
435875
435883
435884
435887
435894
435919
435932
435944
435949
435962
435969
435970
435987
435990
435991
435995
435996
435997
436031
436036
436039
436048
436061
436073
436077
436083
436086
436088
436094
436109
436120
436141
436145
436174
436192
436200
436220
436221
436226
436255
436271
436272
436280
436285
436296
436307
436326
436335
436354
436356
436368
436378
436386
436395
436402
436412
436414
436415
436492
436498
436513
436514
436537
436548
436556
436558
436567
436582
436590
436625
436630
436678
436686
436688
436690
436704
436707
436709
436714
436740
436745
436782
436804
436807
436813
436819
436848
436856
436858
436892
436920
436923
436925
436927
436939
436954
436956
436978
436981
437006
437014
437019
437026
437038
437046
437065
437068
437074
437100
437104
437111
437114
437120
437124
437130
437132
437134
437151
437180
437186
437198
437220
437225
437236
437261
437291
437301
437325
437327
437329
437337
437358
437370
437380
437382
437383
437384
437389
437436
437440
437445
437448
437449
437467
437472
437476
437488
437493
437506
437533
437546
437555
437572
437600
437630
437643
437656
437659
437683
437689
437702
437716
437721
437724
437729
437731
437776
437784
437805
437817
437819
437838
437847
437848
437852
437868
437869
437888
437890
437892
437918
437934
437938
437940
437964
437968
437982
438015
438020
438036
438071
438079
438088
438103
438106
438116
438137
438147
438156
438162
438175
438197
438204
438207
438208
438210
438211
438212
438216
438220
438244
438247
438254
438255
438283
438287
438289
438304
438311
438312
438317
438345
438354
438373
438384
438387
438389
438399
438424
438427
438433
438440
438452
438485
438501
438508
438514
438521
438551
438567
438621
438633
438655
438662
438673
438689
438714
438734
438760
438801
438811
438815
438834
438867
438869
438878
438887
438888
438892
438895
438898
438900
438901
438925
438951
438963
438967
439018
439025
439028
439035
439039
439043
439044
439047
439069
439085
439093
439097
439105
439130
439143
439151
439168
439182
439183
439198
439210
439220
439223
439235
439255
439259
439264
439310
439311
439323
439333
439336
439373
439376
439378
439391
439395
439398
439400
439401
439419
439431
439439
439443
439444
439445
439456
439470
439475
439484
439488
439490
439504
439510
439512
439538
439539
439540
439567
439568
439570
439576
439584
439597
439598
439603
439634
439636
439637
439641
439657
439660
439665
439672
439674
439682
439692
439694
439708
439738
439741
439745
439748
439764
439779
439789
439802
439820
439826
439827
439832
439836
439847
439848
439859
439865
439870
439914
439923
440000
440013
440022
440037
440142
440158
440161
440185
440199
440225
440226
440227
440229
440243
440249
440264
440291
440298
440316
440321
440333
440348
440357
440362
440389
440407
440414
440432
440437
440438
440449
440479
440483
440488
440491
440498
440508
440513
440521
440522
440533
440540
440550
440553
440604
440620
440622
440624
440635
440646
440650
440651
440662
440671
440685
440697
440730
440731
440733
440750
440758
440779
440780
440782
440792
440817
440823
440832
440833
440844
440845
440850
440867
440869
440892
440916
440933
440943
440958
440961
440963
440968
441013
441032
441046
441063
441081
441084
441089
441098
441099
441104
441112
441128
441133
441153
441167
441179
441201
441206
441207
441219
441236
441238
441244
441247
441250
441274
441275
441290
441292
441293
441294
441298
441305
441306
441314
441331
441338
441376
441379
441392
441398
441401
441446
441453
441455
441471
441480
441499
441501
441513
441531
441546
441548
441559
441562
441579
441586
441595
441602
441603
441630
441642
441646
441654
441657
441676
441687
441710
441714
441716
441717
441719
441742
441759
441764
441765
441792
441819
441833
441839
441842
441858
441868
441879
441919
441925
441937
441938
441965
441968
441969
441989
441998
442032
442037
442041
442046
442065
442076
442078
442081
442084
442097
442107
442120
442123
442133
442167
442178
442181
442193
442206
442216
442218
442219
442234
442269
442296
442302
442309
442316
442324
442333
442336
442351
442354
442364
442374
442375
442382
442383
442392
442419
442425
442462
442478
442481
442486
442487
442489
442520
442533
442579
442585
442587
442591
442597
442608
442615
442618
442629
442633
442637
442640
442641
442652
442667
442672
442713
442718
442738
442754
442784
442788
442792
442799
442812
442818
442820
442823
442827
442842
442843
442845
442847
442862
442887
442896
442903
442931
442933
442934
442956
442959
442965
442968
442972
442977
442982
442987
443004
443014
443034
443036
443043
443055
443057
443065
443071
443073
443078
443084
443094
443114
443136
443141
443142
443164
443169
443174
443180
443185
443190
443195
443207
443210
443215
443217
443222
443224
443225
443228
443253
443265
443277
443284
443291
443309
443328
443342
443351
443352
443353
443363
443389
443390
443413
443436
443448
443452
443470
443500
443540
443561
443598
443615
443620
443621
443622
443641
443655
443661
443663
443668
443672
443676
443686
443711
443717
443718
443761
443764
443770
443790
443792
443799
443825
443849
443857
443860
443877
443882
443904
443914
443915
443920
443928
443932
443971
443977
443978
443984
443989
443993
444006
444019
444031
444059
444063
444066
444092
444094
444119
444125
444130
444147
444154
444158
444197
444216
444220
444222
444233
444239
444255
444262
444263
444280
444305
444323
444332
444333
444337
444341
444356
444380
444383
444402
444405
444412
444423
444424
444437
444446
444460
444473
444484
444487
444503
444512
444521
444523
444533
444543
444561
444566
444572
444599
444601
444614
444622
444641
444652
444657
444678
444691
444694
444734
444738
444743
444746
444750
444761
444763
444789
444791
444802
444824
444828
444833
444838
444845
444849
444890
444894
444896
444907
444908
444909
444914
444927
444939
444948
444949
444951
444955
444969
444971
444988
444996
445018
445026
445037
445048
445059
445065
445066
445067
445075
445084
445103
445116
445125
445132
445156
445158
445166
445169
445182
445185
445198
445202
445203
445215
445227
445231
445272
445275
445289
445294
445309
445346
445348
445350
445359
445382
445392
445401
445432
445442
445489
445494
445498
445499
445522
445565
445578
445580
445583
445598
445599
445620
445622
445625
445638
445644
445657
445658
445659
445690
445691
445707
445708
445711
445719
445728
445729
445737
445744
445746
445750
445761
445764
445765
445774
445816
445822
445828
445829
445831
445853
445869
445884
445888
445893
445895
445939
445944
445956
445957
445968
445971
445972
445975
445978
445989
445993
446034
446036
446046
446062
446068
446082
446089
446090
446096
446107
446117
446151
446159
446164
446171
446178
446179
446182
446186
446194
446200
446210
446211
446231
446239
446241
446247
446255
446259
446262
446281
446291
446301
446310
446311
446327
446345
446368
446377
446381
446390
446391
446415
446416
446433
446437
446449
446455
446456
446467
446468
446469
446492
446506
446509
446512
446519
446523
446532
446540
446560
446594
446597
446598
446599
446613
446627
446633
446642
446652
446661
446667
446670
446682
446702
446744
446754
446768
446769
446776
446801
446802
446811
446817
446823
446839
446842
446847
446851
446854
446870
446872
446889
446891
446903
446906
446908
446909
446912
446917
446956
446965
446980
446986
446995
446996
447017
447020
447032
447064
447070
447098
447100
447109
447114
447118
447138
447145
447151
447156
447162
447167
447176
447181
447186
447202
447208
447214
447220
447225
447233
447237
447249
447278
447281
447289
447318
447328
447329
447331
447333
447336
447337
447339
447343
447344
447368
447388
447389
447397
447398
447403
447415
447419
447426
447432
447436
447465
447479
447480
447481
447491
447526
447534
447540
447541
447561
447574
447583
447600
447602
447604
447606
447619
447631
447642
447650
447676
447679
447693
447702
447706
447716
447720
447723
447760
447768
447781
447806
447810
447815
447828
447837
447843
447851
447865
447867
447884
447890
447892
447905
447941
447948
447969
447981
447998
448001
448009
448011
448044
448046
448053
448056
448060
448067
448068
448080
448093
448104
448123
448131
448135
448142
448185
448194
448201
448204
448223
448229
448253
448265
448267
448268
448273
448299
448313
448314
448333
448343
448346
448349
448353
448359
448368
448397
448407
448408
448427
448428
448439
448444
448449
448453
448469
448502
448503
448505
448507
448515
448526
448530
448535
448539
448541
448550
448551
448559
448576
448620
448622
448624
448629
448646
448647
448649
448654
448666
448674
448681
448683
448686
448692
448707
448720
448734
448751
448758
448774
448776
448780
448785
448797
448803
448826
448841
448843
448856
448859
448865
448892
448895
448897
448900
448909
448917
448928
448939
448946
448949
448951
448956
448962
448967
448968
448976
448985
448988
448997
448998
449018
449026
449038
449061
449065
449069
449075
449087
449090
449094
449108
449120
449126
449131
449133
449135
449160
449173
449181
449192
449203
449211
449224
449234
449241
449248
449255
449261
449278
449289
449293
449318
449324
449326
449342
449363
449366
449387
449391
449399
449401
449406
449415
449422
449429
449436
449442
449449
449451
449452
449456
449465
449471
449478
449481
449487
449488
449494
449509
449513
449514
449520
449551
449553
449566
449573
449579
449595
449607
449609
449628
449632
449639
449648
449662
449677
449706
449712
449725
449729
449737
449770
449784
449793
449794
449800
449813
449834
449838
449865
449868
449890
449898
449900
449901
449908
449930
449947
449950
449953
449961
449966
449972
450001
450019
450028
450063
450074
450076
450081
450082
450084
450104
450111
450114
450119
450124
450154
450157
450161
450182
450183
450198
450208
450215
450221
450238
450242
450263
450274
450290
450299
450312
450317
450324
450328
450335
450344
450359
450360
450363
450367
450382
450406
450416
450422
450423
450440
450447
450450
450472
450483
450491
450496
450504
450505
450510
450524
450530
450532
450534
450547
450551
450557
450565
450577
450578
450593
450595
450598
450613
450632
450634
450651
450663
450716
450719
450730
450738
450740
450743
450764
450776
450789
450790
450812
450820
450826
450828
450830
450849
450871
450874
450875
450886
450907
450912
450923
450933
450947
450958
450961
450984
450988
450994
450998
451001
451003
451023
451034
451036
451040
451052
451061
451064
451091
451104
451123
451125
451157
451180
451191
451200
451208
451214
451221
451231
451241
451250
451254
451269
451273
451274
451299
451314
451317
451324
451336
451349
451359
451370
451392
451393
451411
451414
451428
451434
451436
451437
451439
451469
451478
451498
451500
451505
451515
451517
451521
451522
451524
451530
451553
451559
451569
451574
451578
451587
451592
451615
451624
451628
451629
451630
451634
451644
451668
451672
451675
451679
451695
451697
451699
451703
451740
451742
451750
451756
451771
451787
451817
451825
451832
451841
451863
451867
451871
451875
451893
451894
451920
451921
451927
451929
451934
451950
451957
451959
451961
451965
451972
451973
451978
451987
451990
451999
452007
452013
452014
452019
452021
452034
452036
452047
452051
452063
452070
452073
452080
452087
452092
452098
452101
452103
452150
452153
452155
452183
452190
452195
452196
452206
452224
452226
452243
452255
452257
452260
452270
452273
452289
452291
452292
452307
452315
452317
452330
452340
452342
452366
452376
452421
452428
452429
452435
452463
452467
452501
452519
452525
452550
452575
452577
452583
452584
452590
452593
452598
452607
452617
452626
452628
452657
452669
452694
452709
452722
452741
452756
452759
452769
452788
452807
452811
452818
452840
452876
452890
452908
452913
453000
453008
453021
453022
453023
453051
453061
453064
453091
453099
453104
453117
453120
453123
453129
453139
453142
453152
453153
453155
453171
453183
453185
453204
453220
453221
453222
453237
453264
453267
453277
453278
453287
453288
453303
453304
453311
453319
453332
453335
453359
453366
453373
453376
453380
453418
453419
453420
453423
453429
453435
453449
453451
453452
453457
453458
453463
453465
453467
453481
453489
453491
453493
453500
453504
453506
453517
453538
453557
453566
453568
453574
453575
453587
453596
453601
453604
453636
453642
453649
453664
453671
453679
453689
453697
453704
453706
453708
453710
453722
453739
453755
453760
453772
453783
453786
453787
453803
453804
453817
453831
453840
453842
453848
453855
453857
453864
453869
453892
453900
453904
453906
453908
453921
453930
453949
453959
453980
453989
454003
454006
454010
454014
454031
454034
454046
454053
454055
454065
454073
454085
454088
454101
454102
454119
454134
454138
454153
454172
454192
454204
454212
454217
454220
454228
454231
454248
454250
454260
454281
454283
454287
454330
454335
454336
454343
454347
454350
454351
454356
454363
454365
454376
454383
454389
454438
454449
454454
454493
454503
454504
454505
454508
454513
454514
454519
454534
454537
454539
454547
454562
454572
454574
454592
454593
454596
454601
454619
454624
454626
454638
454640
454645
454646
454652
454657
454670
454686
454687
454700
454701
454733
454735
454742
454745
454757
454764
454774
454806
454807
454815
454816
454825
454835
454846
454852
454882
454894
454898
454906
454907
454923
454932
454940
454946
454948
454958
454973
454981
454983
454995
455024
455027
455028
455043
455047
455050
455059
455060
455062
455072
455074
455076
455084
455086
455118
455121
455123
455136
455143
455149
455163
455185
455193
455200
455226
455243
455250
455251
455253
455255
455267
455272
455277
455279
455288
455303
455320
455325
455353
455356
455361
455372
455376
455378
455380
455385
455388
455396
455419
455420
455429
455444
455479
455485
455487
455497
455509
455513
455518
455526
455535
455543
455544
455551
455558
455561
455562
455566
455584
455588
455595
455608
455617
455618
455647
455669
455689
455695
455702
455708
455713
455714
455726
455738
455739
455742
455774
455784
455792
455796
455800
455812
455826
455831
455842
455862
455870
455894
455901
455923
455953
455972
455978
455981
456007
456025
456032
456034
456051
456064
456066
456086
456104
456109
456118
456137
456145
456168
456170
456189
456202
456208
456212
456213
456214
456221
456225
456235
456247
456248
456250
456261
456265
456303
456319
456332
456336
456353
456358
456379
456396
456431
456432
456474
456475
456492
456498
456500
456505
456512
456527
456530
456534
456546
456554
456576
456598
456624
456628
456638
456647
456652
456657
456663
456682
456699
456714
456718
456720
456741
456764
456783
456837
456841
456854
456880
456905
456908
456910
456919
456925
456937
456941
456946
456955
456969
456973
457003
457017
457021
457022
457024
457048
457058
457061
457067
457068
457076
457077
457114
457118
457124
457128
457132
457144
457145
457152
457155
457156
457157
457166
457167
457171
457194
457210
457214
457223
457270
457273
457278
457280
457282
457287
457296
457314
457331
457347
457359
457370
457388
457399
457402
457405
457407
457408
457423
457430
457438
457439
457442
457451
457453
457480
457493
457538
457552
457559
457563
457572
457588
457590
457596
457603
457612
457617
457620
457625
457653
457659
457662
457680
457687
457714
457735
457740
457761
457764
457772
457780
457782
457785
457793
457801
457831
457836
457843
457852
457854
457856
457859
457866
457878
457907
457922
457928
457938
457939
457941
457942
457962
457964
457977
457981
457982
457986
458000
458002
458006
458023
458037
458039
458042
458044
458053
458062
458064
458070
458089
458092
458099
458114
458116
458117
458124
458130
458134
458144
458145
458154
458161
458186
458192
458196
458226
458239
458244
458245
458247
458250
458260
458263
458283
458286
458298
458318
458320
458334
458335
458355
458357
458379
458393
458395
458409
458412
458415
458416
458417
458418
458442
458447
458454
458456
458495
458516
458526
458557
458562
458577
458579
458581
458583
458585
458596
458600
458608
458619
458645
458658
458662
458664
458666
458675
458683
458689
458693
458702
458710
458713
458725
458734
458750
458802
458806
458830
458842
458847
458855
458871
458907
458910
458928
458929
458971
458972
458979
459001
459006
459008
459023
459025
459028
459039
459040
459042
459046
459048
459050
459058
459062
459072
459079
459081
459095
459101
459137
459141
459143
459146
459153
459173
459186
459189
459192
459222
459228
459239
459253
459255
459274
459318
459332
459342
459365
459380
459388
459401
459423
459428
459433
459434
459436
459439
459446
459458
459462
459478
459488
459494
459501
459503
459506
459513
459525
459529
459531
459535
459541
459575
459584
459592
459594
459610
459615
459618
459619
459633
459638
459639
459644
459646
459658
459674
459690
459705
459712
459728
459739
459761
459766
459767
459792
459793
459794
459811
459836
459846
459851
459852
459863
459902
459911
459916
459921
459932
459934
459936
459962
459968
459969
459970
460030
460033
460036
460050
460055
460062
460065
460074
460120
460123
460128
460135
460157
460170
460171
460174
460189
460203
460208
460212
460213
460216
460235
460239
460251
460261
460267
460300
460301
460302
460303
460304
460308
460310
460319
460321
460322
460336
460358
460382
460383
460404
460434
460445
460450
460457
460461
460467
460470
460475
460500
460502
460508
460510
460515
460516
460518
460522
460532
460547
460553
460563
460578
460583
460584
460591
460597
460605
460623
460629
460630
460645
460647
460657
460665
460677
460682
460694
460703
460724
460732
460733
460738
460740
460741
460745
460759
460782
460787
460789
460796
460797
460807
460819
460828
460858
460860
460862
460865
460873
460878
460893
460909
460923
460939
460967
460973
461002
461027
461039
461071
461074
461082
461083
461100
461106
461139
461142
461143
461147
461155
461159
461170
461199
461202
461217
